2024-04-04 10:08:01.842 [ing.sirius.episaine.client.Main.main()] INFO  F e n e t r e - A c c u e i l - Lancement de la fenetre principale
2024-04-04 10:19:25.221 [ing.sirius.episaine.client.Main.main()] INFO  F e n e t r e - A c c u e i l - Lancement de la fenetre principale
2024-04-04 10:20:46.466 [ing.sirius.episaine.client.Main.main()] INFO  F e n e t r e - A c c u e i l - Lancement de la fenetre principale
2024-04-04 10:21:28.118 [ing.sirius.episaine.client.Main.main()] INFO  F e n e t r e - A c c u e i l - Lancement de la fenetre principale
2024-04-04 10:21:58.525 [ing.sirius.episaine.client.Main.main()] INFO  F e n e t r e - A c c u e i l - Lancement de la fenetre principale
2024-04-04 10:26:08.231 [ing.sirius.episaine.client.Main.main()] INFO  F e n e t r e - A c c u e i l - Lancement de la fenetre principale
2024-04-04 10:59:05.698 [ing.sirius.episaine.client.Main.main()] INFO  F e n e t r e - A c c u e i l - Lancement de la fenetre principale
2024-04-04 10:59:39.728 [AWT-EventQueue-0] INFO  L i g h t - M o d e - Activation mode nuit
2024-04-04 10:59:40.180 [AWT-EventQueue-0] INFO  L i g h t - M o d e - Desactivation mode nuit
2024-04-04 10:59:40.621 [AWT-EventQueue-0] INFO  L i g h t - M o d e - Activation mode nuit
2024-04-04 10:59:41.869 [AWT-EventQueue-0] INFO  L i g h t - M o d e - Desactivation mode nuit
2024-04-04 10:59:42.347 [AWT-EventQueue-0] INFO  L i g h t - M o d e - Activation mode nuit
2024-04-04 10:59:44.035 [AWT-EventQueue-0] INFO  L i g h t - M o d e - Desactivation mode nuit
2024-04-04 10:59:44.641 [AWT-EventQueue-0] INFO  L i g h t - M o d e - Activation mode nuit
2024-04-04 10:59:45.598 [AWT-EventQueue-0] INFO  L i g h t - M o d e - Desactivation mode nuit
2024-04-04 10:59:46.253 [AWT-EventQueue-0] INFO  L i g h t - M o d e - Activation mode nuit
2024-04-04 10:59:47.000 [AWT-EventQueue-0] INFO  L i g h t - M o d e - Desactivation mode nuit
2024-04-04 10:59:47.438 [AWT-EventQueue-0] INFO  L i g h t - M o d e - Activation mode nuit
2024-04-04 10:59:47.905 [AWT-EventQueue-0] INFO  L i g h t - M o d e - Desactivation mode nuit
2024-04-04 11:02:51.829 [ing.sirius.episaine.client.Main.main()] INFO  F e n e t r e - A c c u e i l - Lancement de la fenetre principale
2024-04-04 11:06:59.175 [ing.sirius.episaine.client.Main.main()] INFO  F e n e t r e - A c c u e i l - Lancement de la fenetre principale
2024-04-04 11:07:32.074 [ing.sirius.episaine.client.Main.main()] INFO  F e n e t r e - A c c u e i l - Lancement de la fenetre principale
2024-04-04 11:34:41.101 [ing.sirius.episaine.client.Main.main()] INFO  F e n e t r e - A c c u e i l - Lancement de la fenetre principale
2024-04-04 11:35:18.433 [ing.sirius.episaine.client.Main.main()] INFO  F e n e t r e - A c c u e i l - Lancement de la fenetre principale
2024-04-04 11:39:27.278 [ing.sirius.episaine.client.Main.main()] INFO  F e n e t r e - A c c u e i l - Lancement de la fenetre principale
2024-04-04 11:39:43.739 [ing.sirius.episaine.client.Main.main()] INFO  F e n e t r e - A c c u e i l - Lancement de la fenetre principale
2024-04-04 11:40:10.591 [ing.sirius.episaine.client.Main.main()] INFO  F e n e t r e - A c c u e i l - Lancement de la fenetre principale
2024-04-04 11:41:42.098 [ing.sirius.episaine.client.Main.main()] INFO  F e n e t r e - A c c u e i l - Lancement de la fenetre principale
2024-04-04 11:42:09.537 [ing.sirius.episaine.client.Main.main()] INFO  F e n e t r e - A c c u e i l - Lancement de la fenetre principale
2024-04-04 11:42:28.253 [ing.sirius.episaine.client.Main.main()] INFO  F e n e t r e - A c c u e i l - Lancement de la fenetre principale
2024-04-04 11:42:41.400 [ing.sirius.episaine.client.Main.main()] INFO  F e n e t r e - A c c u e i l - Lancement de la fenetre principale
2024-04-04 11:42:53.808 [ing.sirius.episaine.client.Main.main()] INFO  F e n e t r e - A c c u e i l - Lancement de la fenetre principale
2024-04-04 11:43:16.754 [ing.sirius.episaine.client.Main.main()] INFO  F e n e t r e - A c c u e i l - Lancement de la fenetre principale
2024-04-04 11:45:41.119 [ing.sirius.episaine.client.Main.main()] INFO  F e n e t r e - A c c u e i l - Lancement de la fenetre principale
2024-04-04 11:49:05.469 [ing.sirius.episaine.client.Main.main()] INFO  F e n e t r e - A c c u e i l - Lancement de la fenetre principale
2024-04-04 11:49:36.886 [ing.sirius.episaine.client.Main.main()] INFO  F e n e t r e - A c c u e i l - Lancement de la fenetre principale
2024-04-04 11:50:10.851 [ing.sirius.episaine.client.Main.main()] INFO  F e n e t r e - A c c u e i l - Lancement de la fenetre principale
2024-04-04 11:50:40.188 [ing.sirius.episaine.client.Main.main()] INFO  F e n e t r e - A c c u e i l - Lancement de la fenetre principale
2024-04-04 11:53:40.432 [ing.sirius.episaine.client.Main.main()] INFO  F e n e t r e - A c c u e i l - Lancement de la fenetre principale
2024-04-04 11:54:06.728 [ing.sirius.episaine.client.Main.main()] INFO  F e n e t r e - A c c u e i l - Lancement de la fenetre principale
2024-04-04 11:54:23.390 [ing.sirius.episaine.client.Main.main()] INFO  F e n e t r e - A c c u e i l - Lancement de la fenetre principale
2024-04-04 22:00:27.026 [ing.sirius.episaine.client.Main.main()] INFO  F e n e t r e - A c c u e i l - Lancement de la fenetre principale
2024-04-04 22:02:02.426 [ing.sirius.episaine.client.Main.main()] INFO  F e n e t r e - A c c u e i l - Lancement de la fenetre principale
2024-04-04 22:06:33.418 [ing.sirius.episaine.client.Main.main()] INFO  F e n e t r e - A c c u e i l - Lancement de la fenetre principale
2024-04-04 22:07:30.630 [ing.sirius.episaine.client.Main.main()] INFO  F e n e t r e - A c c u e i l - Lancement de la fenetre principale
2024-04-04 22:07:57.231 [ing.sirius.episaine.client.Main.main()] INFO  F e n e t r e - A c c u e i l - Lancement de la fenetre principale
2024-04-04 22:08:29.566 [ing.sirius.episaine.client.Main.main()] INFO  F e n e t r e - A c c u e i l - Lancement de la fenetre principale
2024-04-04 22:09:12.867 [ing.sirius.episaine.client.Main.main()] INFO  F e n e t r e - A c c u e i l - Lancement de la fenetre principale
2024-04-04 22:09:40.707 [ing.sirius.episaine.client.Main.main()] INFO  F e n e t r e - A c c u e i l - Lancement de la fenetre principale
2024-04-04 22:09:55.392 [ing.sirius.episaine.client.Main.main()] INFO  F e n e t r e - A c c u e i l - Lancement de la fenetre principale
2024-04-04 22:11:13.899 [ing.sirius.episaine.client.Main.main()] INFO  F e n e t r e - A c c u e i l - Lancement de la fenetre principale
2024-04-04 22:11:28.953 [ing.sirius.episaine.client.Main.main()] INFO  F e n e t r e - A c c u e i l - Lancement de la fenetre principale
2024-04-04 22:15:13.389 [ing.sirius.episaine.client.Main.main()] INFO  F e n e t r e - A c c u e i l - Lancement de la fenetre principale
2024-04-04 22:15:51.934 [ing.sirius.episaine.client.Main.main()] INFO  F e n e t r e - A c c u e i l - Lancement de la fenetre principale
2024-04-04 22:16:08.524 [ing.sirius.episaine.client.Main.main()] INFO  F e n e t r e - A c c u e i l - Lancement de la fenetre principale
2024-04-04 22:17:15.874 [ing.sirius.episaine.client.Main.main()] INFO  F e n e t r e - A c c u e i l - Lancement de la fenetre principale
2024-04-04 22:17:33.413 [ing.sirius.episaine.client.Main.main()] INFO  F e n e t r e - A c c u e i l - Lancement de la fenetre principale
2024-04-04 22:17:40.190 [AWT-EventQueue-0] INFO  L i g h t - M o d e - Activation mode nuit
2024-04-04 22:17:40.209 [AWT-EventQueue-0] INFO  L e f t - M e n u - Mode nuit = true
2024-04-04 22:17:40.209 [AWT-EventQueue-0] INFO  H e a d e r - Mode nuit = true
2024-04-04 22:17:40.209 [AWT-EventQueue-0] INFO  F o o t e r - Mode nuit = true
2024-04-04 22:17:41.477 [AWT-EventQueue-0] INFO  L i g h t - M o d e - Desactivation mode nuit
2024-04-04 22:17:41.494 [AWT-EventQueue-0] INFO  L e f t - M e n u - Mode nuit = false
2024-04-04 22:17:41.494 [AWT-EventQueue-0] INFO  H e a d e r - Mode nuit = false
2024-04-04 22:17:41.494 [AWT-EventQueue-0] INFO  F o o t e r - Mode nuit = false
2024-04-04 22:17:41.869 [AWT-EventQueue-0] INFO  L i g h t - M o d e - Activation mode nuit
2024-04-04 22:17:41.884 [AWT-EventQueue-0] INFO  L e f t - M e n u - Mode nuit = true
2024-04-04 22:17:41.884 [AWT-EventQueue-0] INFO  H e a d e r - Mode nuit = true
2024-04-04 22:17:41.884 [AWT-EventQueue-0] INFO  F o o t e r - Mode nuit = true
2024-04-04 22:18:34.770 [ing.sirius.episaine.client.Main.main()] INFO  F e n e t r e - A c c u e i l - Lancement de la fenetre principale
2024-04-04 22:19:28.491 [ing.sirius.episaine.client.Main.main()] INFO  F e n e t r e - A c c u e i l - Lancement de la fenetre principale
2024-04-04 22:21:06.106 [ing.sirius.episaine.client.Main.main()] INFO  F e n e t r e - A c c u e i l - Lancement de la fenetre principale
2024-04-04 22:22:05.206 [ing.sirius.episaine.client.Main.main()] INFO  F e n e t r e - A c c u e i l - Lancement de la fenetre principale
2024-04-04 22:22:55.745 [ing.sirius.episaine.client.Main.main()] INFO  F e n e t r e - A c c u e i l - Lancement de la fenetre principale
2024-04-04 22:24:10.911 [ing.sirius.episaine.client.Main.main()] INFO  F e n e t r e - A c c u e i l - Lancement de la fenetre principale
2024-04-04 22:26:33.524 [ing.sirius.episaine.client.Main.main()] INFO  F e n e t r e - A c c u e i l - Lancement de la fenetre principale
2024-04-04 22:26:52.100 [ing.sirius.episaine.client.Main.main()] INFO  F e n e t r e - A c c u e i l - Lancement de la fenetre principale
2024-04-04 22:27:38.133 [ing.sirius.episaine.client.Main.main()] INFO  F e n e t r e - A c c u e i l - Lancement de la fenetre principale
2024-04-04 22:28:14.640 [ing.sirius.episaine.client.Main.main()] INFO  F e n e t r e - A c c u e i l - Lancement de la fenetre principale
2024-04-04 22:29:01.483 [ing.sirius.episaine.client.Main.main()] INFO  F e n e t r e - A c c u e i l - Lancement de la fenetre principale
2024-04-04 22:30:15.575 [ing.sirius.episaine.client.Main.main()] INFO  F e n e t r e - A c c u e i l - Lancement de la fenetre principale
2024-04-04 22:30:36.007 [ing.sirius.episaine.client.Main.main()] INFO  F e n e t r e - A c c u e i l - Lancement de la fenetre principale
2024-04-04 22:30:47.413 [ing.sirius.episaine.client.Main.main()] INFO  F e n e t r e - A c c u e i l - Lancement de la fenetre principale
2024-04-04 22:31:04.625 [ing.sirius.episaine.client.Main.main()] INFO  F e n e t r e - A c c u e i l - Lancement de la fenetre principale
2024-04-04 22:31:20.055 [AWT-EventQueue-0] INFO  L i g h t - M o d e - Activation mode nuit
2024-04-04 22:31:20.075 [AWT-EventQueue-0] INFO  L e f t - M e n u - Mode nuit = true
2024-04-04 22:31:20.075 [AWT-EventQueue-0] INFO  H e a d e r - Mode nuit = true
2024-04-04 22:31:20.076 [AWT-EventQueue-0] INFO  F o o t e r - Mode nuit = true
2024-04-04 22:31:21.529 [AWT-EventQueue-0] INFO  L i g h t - M o d e - Desactivation mode nuit
2024-04-04 22:31:21.540 [AWT-EventQueue-0] INFO  L e f t - M e n u - Mode nuit = false
2024-04-04 22:31:21.540 [AWT-EventQueue-0] INFO  H e a d e r - Mode nuit = false
2024-04-04 22:31:21.540 [AWT-EventQueue-0] INFO  F o o t e r - Mode nuit = false
2024-04-04 22:31:22.002 [AWT-EventQueue-0] INFO  L i g h t - M o d e - Activation mode nuit
2024-04-04 22:31:22.015 [AWT-EventQueue-0] INFO  L e f t - M e n u - Mode nuit = true
2024-04-04 22:31:22.015 [AWT-EventQueue-0] INFO  H e a d e r - Mode nuit = true
2024-04-04 22:31:22.015 [AWT-EventQueue-0] INFO  F o o t e r - Mode nuit = true
2024-04-04 22:31:22.485 [AWT-EventQueue-0] INFO  L i g h t - M o d e - Desactivation mode nuit
2024-04-04 22:31:22.499 [AWT-EventQueue-0] INFO  L e f t - M e n u - Mode nuit = false
2024-04-04 22:31:22.499 [AWT-EventQueue-0] INFO  H e a d e r - Mode nuit = false
2024-04-04 22:31:22.499 [AWT-EventQueue-0] INFO  F o o t e r - Mode nuit = false
2024-04-04 22:31:23.076 [AWT-EventQueue-0] INFO  L i g h t - M o d e - Activation mode nuit
2024-04-04 22:31:23.093 [AWT-EventQueue-0] INFO  L e f t - M e n u - Mode nuit = true
2024-04-04 22:31:23.093 [AWT-EventQueue-0] INFO  H e a d e r - Mode nuit = true
2024-04-04 22:31:23.094 [AWT-EventQueue-0] INFO  F o o t e r - Mode nuit = true
2024-04-04 22:31:24.020 [AWT-EventQueue-0] INFO  L i g h t - M o d e - Desactivation mode nuit
2024-04-04 22:31:24.030 [AWT-EventQueue-0] INFO  L e f t - M e n u - Mode nuit = false
2024-04-04 22:31:24.030 [AWT-EventQueue-0] INFO  H e a d e r - Mode nuit = false
2024-04-04 22:31:24.030 [AWT-EventQueue-0] INFO  F o o t e r - Mode nuit = false
2024-04-04 22:31:24.784 [AWT-EventQueue-0] INFO  L i g h t - M o d e - Activation mode nuit
2024-04-04 22:31:24.793 [AWT-EventQueue-0] INFO  L e f t - M e n u - Mode nuit = true
2024-04-04 22:31:24.793 [AWT-EventQueue-0] INFO  H e a d e r - Mode nuit = true
2024-04-04 22:31:24.793 [AWT-EventQueue-0] INFO  F o o t e r - Mode nuit = true
2024-04-04 22:31:25.659 [AWT-EventQueue-0] INFO  L i g h t - M o d e - Desactivation mode nuit
2024-04-04 22:31:25.670 [AWT-EventQueue-0] INFO  L e f t - M e n u - Mode nuit = false
2024-04-04 22:31:25.670 [AWT-EventQueue-0] INFO  H e a d e r - Mode nuit = false
2024-04-04 22:31:25.670 [AWT-EventQueue-0] INFO  F o o t e r - Mode nuit = false
2024-04-04 22:31:32.398 [AWT-EventQueue-0] INFO  L i g h t - M o d e - Activation mode nuit
2024-04-04 22:31:32.413 [AWT-EventQueue-0] INFO  L e f t - M e n u - Mode nuit = true
2024-04-04 22:31:32.413 [AWT-EventQueue-0] INFO  H e a d e r - Mode nuit = true
2024-04-04 22:31:32.413 [AWT-EventQueue-0] INFO  F o o t e r - Mode nuit = true
2024-04-04 22:31:37.562 [AWT-EventQueue-0] INFO  L i g h t - M o d e - Desactivation mode nuit
2024-04-04 22:31:37.574 [AWT-EventQueue-0] INFO  L e f t - M e n u - Mode nuit = false
2024-04-04 22:31:37.574 [AWT-EventQueue-0] INFO  H e a d e r - Mode nuit = false
2024-04-04 22:31:37.574 [AWT-EventQueue-0] INFO  F o o t e r - Mode nuit = false
2024-04-04 22:31:37.995 [AWT-EventQueue-0] INFO  L i g h t - M o d e - Activation mode nuit
2024-04-04 22:31:38.009 [AWT-EventQueue-0] INFO  L e f t - M e n u - Mode nuit = true
2024-04-04 22:31:38.009 [AWT-EventQueue-0] INFO  H e a d e r - Mode nuit = true
2024-04-04 22:31:38.009 [AWT-EventQueue-0] INFO  F o o t e r - Mode nuit = true
2024-04-04 22:31:38.471 [AWT-EventQueue-0] INFO  L i g h t - M o d e - Desactivation mode nuit
2024-04-04 22:31:38.481 [AWT-EventQueue-0] INFO  L e f t - M e n u - Mode nuit = false
2024-04-04 22:31:38.481 [AWT-EventQueue-0] INFO  H e a d e r - Mode nuit = false
2024-04-04 22:31:38.481 [AWT-EventQueue-0] INFO  F o o t e r - Mode nuit = false
2024-04-04 22:31:38.986 [AWT-EventQueue-0] INFO  L i g h t - M o d e - Activation mode nuit
2024-04-04 22:31:39.001 [AWT-EventQueue-0] INFO  L e f t - M e n u - Mode nuit = true
2024-04-04 22:31:39.001 [AWT-EventQueue-0] INFO  H e a d e r - Mode nuit = true
2024-04-04 22:31:39.001 [AWT-EventQueue-0] INFO  F o o t e r - Mode nuit = true
2024-04-04 22:33:04.340 [ing.sirius.episaine.client.Main.main()] INFO  F e n e t r e - A c c u e i l - Lancement de la fenetre principale
2024-04-04 22:33:25.797 [ing.sirius.episaine.client.Main.main()] INFO  F e n e t r e - A c c u e i l - Lancement de la fenetre principale
2024-04-04 22:37:11.314 [ing.sirius.episaine.client.Main.main()] INFO  F e n e t r e - A c c u e i l - Lancement de la fenetre principale
2024-04-04 22:38:46.823 [ing.sirius.episaine.client.Main.main()] INFO  F e n e t r e - A c c u e i l - Lancement de la fenetre principale
2024-04-04 22:39:26.644 [ing.sirius.episaine.client.Main.main()] INFO  F e n e t r e - A c c u e i l - Lancement de la fenetre principale
2024-04-04 22:40:53.155 [ing.sirius.episaine.client.Main.main()] INFO  F e n e t r e - A c c u e i l - Lancement de la fenetre principale
2024-04-04 22:43:23.452 [ing.sirius.episaine.client.Main.main()] INFO  F e n e t r e - A c c u e i l - Lancement de la fenetre principale
2024-04-04 22:43:38.845 [ing.sirius.episaine.client.Main.main()] INFO  F e n e t r e - A c c u e i l - Lancement de la fenetre principale
2024-04-04 22:46:51.861 [ing.sirius.episaine.client.Main.main()] INFO  F e n e t r e - A c c u e i l - Lancement de la fenetre principale
2024-04-04 22:48:23.145 [ing.sirius.episaine.client.Main.main()] INFO  F e n e t r e - A c c u e i l - Lancement de la fenetre principale
2024-04-04 22:49:46.258 [ing.sirius.episaine.client.Main.main()] INFO  F e n e t r e - A c c u e i l - Lancement de la fenetre principale
2024-04-04 22:51:45.103 [ing.sirius.episaine.client.Main.main()] INFO  F e n e t r e - A c c u e i l - Lancement de la fenetre principale
2024-04-04 22:52:09.504 [ing.sirius.episaine.client.Main.main()] INFO  F e n e t r e - A c c u e i l - Lancement de la fenetre principale
2024-04-04 22:53:57.284 [ing.sirius.episaine.client.Main.main()] INFO  F e n e t r e - A c c u e i l - Lancement de la fenetre principale
2024-04-04 22:54:34.491 [ing.sirius.episaine.client.Main.main()] INFO  F e n e t r e - A c c u e i l - Lancement de la fenetre principale
2024-04-04 22:54:46.003 [ing.sirius.episaine.client.Main.main()] INFO  F e n e t r e - A c c u e i l - Lancement de la fenetre principale
2024-04-04 22:55:00.090 [ing.sirius.episaine.client.Main.main()] INFO  F e n e t r e - A c c u e i l - Lancement de la fenetre principale
2024-04-04 22:56:17.544 [ing.sirius.episaine.client.Main.main()] INFO  F e n e t r e - A c c u e i l - Lancement de la fenetre principale
2024-04-04 22:57:37.712 [ing.sirius.episaine.client.Main.main()] INFO  F e n e t r e - A c c u e i l - Lancement de la fenetre principale
2024-04-04 22:58:08.939 [ing.sirius.episaine.client.Main.main()] INFO  F e n e t r e - A c c u e i l - Lancement de la fenetre principale
2024-04-04 22:58:33.886 [ing.sirius.episaine.client.Main.main()] INFO  F e n e t r e - A c c u e i l - Lancement de la fenetre principale
2024-04-04 22:58:58.587 [ing.sirius.episaine.client.Main.main()] INFO  F e n e t r e - A c c u e i l - Lancement de la fenetre principale
2024-04-04 22:59:20.073 [ing.sirius.episaine.client.Main.main()] INFO  F e n e t r e - A c c u e i l - Lancement de la fenetre principale
2024-04-04 22:59:35.978 [ing.sirius.episaine.client.Main.main()] INFO  F e n e t r e - A c c u e i l - Lancement de la fenetre principale
2024-04-04 23:00:47.954 [ing.sirius.episaine.client.Main.main()] INFO  F e n e t r e - A c c u e i l - Lancement de la fenetre principale
2024-04-04 23:01:11.690 [ing.sirius.episaine.client.Main.main()] INFO  F e n e t r e - A c c u e i l - Lancement de la fenetre principale
2024-04-04 23:02:16.928 [ing.sirius.episaine.client.Main.main()] INFO  F e n e t r e - A c c u e i l - Lancement de la fenetre principale
2024-04-04 23:02:55.439 [ing.sirius.episaine.client.Main.main()] INFO  F e n e t r e - A c c u e i l - Lancement de la fenetre principale
2024-04-04 23:04:52.194 [ing.sirius.episaine.client.Main.main()] INFO  F e n e t r e - A c c u e i l - Lancement de la fenetre principale
2024-04-04 23:08:05.141 [ing.sirius.episaine.client.Main.main()] INFO  F e n e t r e - A c c u e i l - Lancement de la fenetre principale
2024-04-04 23:09:08.516 [ing.sirius.episaine.client.Main.main()] INFO  F e n e t r e - A c c u e i l - Lancement de la fenetre principale
2024-04-04 23:18:25.848 [ing.sirius.episaine.client.Main.main()] INFO  F e n e t r e - A c c u e i l - Lancement de la fenetre principale
2024-04-04 23:18:31.668 [AWT-EventQueue-0] INFO  L i g h t - M o d e - Activation mode nuit
2024-04-04 23:18:31.684 [AWT-EventQueue-0] INFO  L e f t - M e n u - Mode nuit = true
2024-04-04 23:18:31.684 [AWT-EventQueue-0] INFO  H e a d e r - Mode nuit = true
2024-04-04 23:18:31.684 [AWT-EventQueue-0] INFO  F o o t e r - Mode nuit = true
2024-04-04 23:18:32.387 [AWT-EventQueue-0] INFO  L i g h t - M o d e - Desactivation mode nuit
2024-04-04 23:18:32.421 [AWT-EventQueue-0] INFO  L e f t - M e n u - Mode nuit = false
2024-04-04 23:18:32.421 [AWT-EventQueue-0] INFO  H e a d e r - Mode nuit = false
2024-04-04 23:18:32.421 [AWT-EventQueue-0] INFO  F o o t e r - Mode nuit = false
2024-04-04 23:18:41.607 [AWT-EventQueue-0] INFO  L i g h t - M o d e - Activation mode nuit
2024-04-04 23:18:41.621 [AWT-EventQueue-0] INFO  L e f t - M e n u - Mode nuit = true
2024-04-04 23:18:41.623 [AWT-EventQueue-0] INFO  H e a d e r - Mode nuit = true
2024-04-04 23:18:41.623 [AWT-EventQueue-0] INFO  F o o t e r - Mode nuit = true
2024-04-04 23:18:42.929 [AWT-EventQueue-0] INFO  L i g h t - M o d e - Desactivation mode nuit
2024-04-04 23:18:42.942 [AWT-EventQueue-0] INFO  L e f t - M e n u - Mode nuit = false
2024-04-04 23:18:42.942 [AWT-EventQueue-0] INFO  H e a d e r - Mode nuit = false
2024-04-04 23:18:42.942 [AWT-EventQueue-0] INFO  F o o t e r - Mode nuit = false
2024-04-04 23:20:47.811 [ing.sirius.episaine.client.Main.main()] INFO  F e n e t r e - A c c u e i l - Lancement de la fenetre principale
2024-04-04 23:22:28.748 [ing.sirius.episaine.client.Main.main()] INFO  F e n e t r e - A c c u e i l - Lancement de la fenetre principale
2024-04-04 23:22:47.405 [AWT-EventQueue-0] INFO  L i g h t - M o d e - Activation mode nuit
2024-04-04 23:22:47.423 [AWT-EventQueue-0] INFO  L e f t - M e n u - Mode nuit = true
2024-04-04 23:22:47.426 [AWT-EventQueue-0] INFO  H e a d e r - Mode nuit = true
2024-04-04 23:22:47.426 [AWT-EventQueue-0] INFO  F o o t e r - Mode nuit = true
2024-04-04 23:22:47.426 [AWT-EventQueue-0] INFO  F i r s t - P a g e - Mode nuit = true
2024-04-04 23:23:28.939 [ing.sirius.episaine.client.Main.main()] INFO  F e n e t r e - A c c u e i l - Lancement de la fenetre principale
2024-04-04 23:24:21.298 [ing.sirius.episaine.client.Main.main()] INFO  F e n e t r e - A c c u e i l - Lancement de la fenetre principale
2024-04-04 23:24:54.168 [ing.sirius.episaine.client.Main.main()] INFO  F e n e t r e - A c c u e i l - Lancement de la fenetre principale
2024-04-04 23:27:23.816 [ing.sirius.episaine.client.Main.main()] INFO  F e n e t r e - A c c u e i l - Lancement de la fenetre principale
2024-04-04 23:28:10.736 [ing.sirius.episaine.client.Main.main()] INFO  F e n e t r e - A c c u e i l - Lancement de la fenetre principale
2024-04-04 23:28:37.572 [ing.sirius.episaine.client.Main.main()] INFO  F e n e t r e - A c c u e i l - Lancement de la fenetre principale
2024-04-04 23:29:31.895 [ing.sirius.episaine.client.Main.main()] INFO  F e n e t r e - A c c u e i l - Lancement de la fenetre principale
2024-04-04 23:29:57.214 [ing.sirius.episaine.client.Main.main()] INFO  F e n e t r e - A c c u e i l - Lancement de la fenetre principale
2024-04-04 23:30:45.476 [ing.sirius.episaine.client.Main.main()] INFO  F e n e t r e - A c c u e i l - Lancement de la fenetre principale
2024-04-04 23:30:59.966 [ing.sirius.episaine.client.Main.main()] INFO  F e n e t r e - A c c u e i l - Lancement de la fenetre principale
2024-04-04 23:31:31.888 [ing.sirius.episaine.client.Main.main()] INFO  F e n e t r e - A c c u e i l - Lancement de la fenetre principale
2024-04-04 23:32:38.136 [ing.sirius.episaine.client.Main.main()] INFO  F e n e t r e - A c c u e i l - Lancement de la fenetre principale
2024-04-04 23:32:54.292 [ing.sirius.episaine.client.Main.main()] INFO  F e n e t r e - A c c u e i l - Lancement de la fenetre principale
2024-04-04 23:33:12.174 [ing.sirius.episaine.client.Main.main()] INFO  F e n e t r e - A c c u e i l - Lancement de la fenetre principale
2024-04-04 23:33:44.623 [ing.sirius.episaine.client.Main.main()] INFO  F e n e t r e - A c c u e i l - Lancement de la fenetre principale
2024-04-04 23:34:06.200 [ing.sirius.episaine.client.Main.main()] INFO  F e n e t r e - A c c u e i l - Lancement de la fenetre principale
2024-04-04 23:34:53.489 [ing.sirius.episaine.client.Main.main()] INFO  F e n e t r e - A c c u e i l - Lancement de la fenetre principale
2024-04-04 23:35:36.182 [ing.sirius.episaine.client.Main.main()] INFO  F e n e t r e - A c c u e i l - Lancement de la fenetre principale
2024-04-04 23:38:19.375 [ing.sirius.episaine.client.Main.main()] INFO  F e n e t r e - A c c u e i l - Lancement de la fenetre principale
2024-04-04 23:38:23.969 [AWT-EventQueue-0] INFO  L i g h t - M o d e - Activation mode nuit
2024-04-04 23:38:23.985 [AWT-EventQueue-0] INFO  L e f t - M e n u - Mode nuit = true
2024-04-04 23:38:23.985 [AWT-EventQueue-0] INFO  H e a d e r - Mode nuit = true
2024-04-04 23:38:23.985 [AWT-EventQueue-0] INFO  F o o t e r - Mode nuit = true
2024-04-04 23:38:23.985 [AWT-EventQueue-0] INFO  F i r s t - P a g e - Mode nuit = true
2024-04-04 23:38:24.948 [AWT-EventQueue-0] INFO  L i g h t - M o d e - Desactivation mode nuit
2024-04-04 23:38:24.964 [AWT-EventQueue-0] INFO  L e f t - M e n u - Mode nuit = false
2024-04-04 23:38:24.964 [AWT-EventQueue-0] INFO  H e a d e r - Mode nuit = false
2024-04-04 23:38:24.964 [AWT-EventQueue-0] INFO  F o o t e r - Mode nuit = false
2024-04-04 23:38:24.964 [AWT-EventQueue-0] INFO  F i r s t - P a g e - Mode nuit = false
2024-04-04 23:38:25.436 [AWT-EventQueue-0] INFO  L i g h t - M o d e - Activation mode nuit
2024-04-04 23:38:25.451 [AWT-EventQueue-0] INFO  L e f t - M e n u - Mode nuit = true
2024-04-04 23:38:25.451 [AWT-EventQueue-0] INFO  H e a d e r - Mode nuit = true
2024-04-04 23:38:25.451 [AWT-EventQueue-0] INFO  F o o t e r - Mode nuit = true
2024-04-04 23:38:25.451 [AWT-EventQueue-0] INFO  F i r s t - P a g e - Mode nuit = true
2024-04-04 23:38:25.884 [AWT-EventQueue-0] INFO  L i g h t - M o d e - Desactivation mode nuit
2024-04-04 23:38:25.897 [AWT-EventQueue-0] INFO  L e f t - M e n u - Mode nuit = false
2024-04-04 23:38:25.897 [AWT-EventQueue-0] INFO  H e a d e r - Mode nuit = false
2024-04-04 23:38:25.897 [AWT-EventQueue-0] INFO  F o o t e r - Mode nuit = false
2024-04-04 23:38:25.897 [AWT-EventQueue-0] INFO  F i r s t - P a g e - Mode nuit = false
2024-04-04 23:38:27.164 [AWT-EventQueue-0] INFO  L i g h t - M o d e - Activation mode nuit
2024-04-04 23:38:27.185 [AWT-EventQueue-0] INFO  L e f t - M e n u - Mode nuit = true
2024-04-04 23:38:27.185 [AWT-EventQueue-0] INFO  H e a d e r - Mode nuit = true
2024-04-04 23:38:27.185 [AWT-EventQueue-0] INFO  F o o t e r - Mode nuit = true
2024-04-04 23:38:27.185 [AWT-EventQueue-0] INFO  F i r s t - P a g e - Mode nuit = true
2024-04-04 23:38:29.230 [AWT-EventQueue-0] INFO  L i g h t - M o d e - Desactivation mode nuit
2024-04-04 23:38:29.254 [AWT-EventQueue-0] INFO  L e f t - M e n u - Mode nuit = false
2024-04-04 23:38:29.254 [AWT-EventQueue-0] INFO  H e a d e r - Mode nuit = false
2024-04-04 23:38:29.254 [AWT-EventQueue-0] INFO  F o o t e r - Mode nuit = false
2024-04-04 23:38:29.254 [AWT-EventQueue-0] INFO  F i r s t - P a g e - Mode nuit = false
2024-04-04 23:38:29.636 [AWT-EventQueue-0] INFO  L i g h t - M o d e - Activation mode nuit
2024-04-04 23:38:29.642 [AWT-EventQueue-0] INFO  L e f t - M e n u - Mode nuit = true
2024-04-04 23:38:29.651 [AWT-EventQueue-0] INFO  H e a d e r - Mode nuit = true
2024-04-04 23:38:29.651 [AWT-EventQueue-0] INFO  F o o t e r - Mode nuit = true
2024-04-04 23:38:29.651 [AWT-EventQueue-0] INFO  F i r s t - P a g e - Mode nuit = true
2024-04-04 23:39:51.090 [ing.sirius.episaine.client.Main.main()] INFO  F e n e t r e - A c c u e i l - Lancement de la fenetre principale
2024-04-04 23:39:53.715 [AWT-EventQueue-0] INFO  L i g h t - M o d e - Activation mode nuit
2024-04-04 23:39:53.736 [AWT-EventQueue-0] INFO  L e f t - M e n u - Mode nuit = true
2024-04-04 23:39:53.736 [AWT-EventQueue-0] INFO  H e a d e r - Mode nuit = true
2024-04-04 23:39:53.736 [AWT-EventQueue-0] INFO  F o o t e r - Mode nuit = true
2024-04-04 23:39:53.736 [AWT-EventQueue-0] INFO  F i r s t - P a g e - Mode nuit = true
2024-04-04 23:40:02.174 [AWT-EventQueue-0] INFO  L i g h t - M o d e - Desactivation mode nuit
2024-04-04 23:40:02.189 [AWT-EventQueue-0] INFO  L e f t - M e n u - Mode nuit = false
2024-04-04 23:40:02.189 [AWT-EventQueue-0] INFO  H e a d e r - Mode nuit = false
2024-04-04 23:40:02.189 [AWT-EventQueue-0] INFO  F o o t e r - Mode nuit = false
2024-04-04 23:40:02.189 [AWT-EventQueue-0] INFO  F i r s t - P a g e - Mode nuit = false
2024-04-04 23:40:02.986 [AWT-EventQueue-0] INFO  L i g h t - M o d e - Activation mode nuit
2024-04-04 23:40:02.998 [AWT-EventQueue-0] INFO  L e f t - M e n u - Mode nuit = true
2024-04-04 23:40:03.003 [AWT-EventQueue-0] INFO  H e a d e r - Mode nuit = true
2024-04-04 23:40:03.003 [AWT-EventQueue-0] INFO  F o o t e r - Mode nuit = true
2024-04-04 23:40:03.003 [AWT-EventQueue-0] INFO  F i r s t - P a g e - Mode nuit = true
2024-04-04 23:40:03.702 [AWT-EventQueue-0] INFO  L i g h t - M o d e - Desactivation mode nuit
2024-04-04 23:40:03.716 [AWT-EventQueue-0] INFO  L e f t - M e n u - Mode nuit = false
2024-04-04 23:40:03.716 [AWT-EventQueue-0] INFO  H e a d e r - Mode nuit = false
2024-04-04 23:40:03.716 [AWT-EventQueue-0] INFO  F o o t e r - Mode nuit = false
2024-04-04 23:40:03.716 [AWT-EventQueue-0] INFO  F i r s t - P a g e - Mode nuit = false
2024-04-04 23:40:04.217 [AWT-EventQueue-0] INFO  L i g h t - M o d e - Activation mode nuit
2024-04-04 23:40:04.233 [AWT-EventQueue-0] INFO  L e f t - M e n u - Mode nuit = true
2024-04-04 23:40:04.233 [AWT-EventQueue-0] INFO  H e a d e r - Mode nuit = true
2024-04-04 23:40:04.233 [AWT-EventQueue-0] INFO  F o o t e r - Mode nuit = true
2024-04-04 23:40:04.234 [AWT-EventQueue-0] INFO  F i r s t - P a g e - Mode nuit = true
2024-04-04 23:40:04.817 [AWT-EventQueue-0] INFO  L i g h t - M o d e - Desactivation mode nuit
2024-04-04 23:40:04.830 [AWT-EventQueue-0] INFO  L e f t - M e n u - Mode nuit = false
2024-04-04 23:40:04.830 [AWT-EventQueue-0] INFO  H e a d e r - Mode nuit = false
2024-04-04 23:40:04.830 [AWT-EventQueue-0] INFO  F o o t e r - Mode nuit = false
2024-04-04 23:40:04.830 [AWT-EventQueue-0] INFO  F i r s t - P a g e - Mode nuit = false
2024-04-04 23:40:05.709 [AWT-EventQueue-0] INFO  L i g h t - M o d e - Activation mode nuit
2024-04-04 23:40:05.724 [AWT-EventQueue-0] INFO  L e f t - M e n u - Mode nuit = true
2024-04-04 23:40:05.724 [AWT-EventQueue-0] INFO  H e a d e r - Mode nuit = true
2024-04-04 23:40:05.724 [AWT-EventQueue-0] INFO  F o o t e r - Mode nuit = true
2024-04-04 23:40:05.724 [AWT-EventQueue-0] INFO  F i r s t - P a g e - Mode nuit = true
2024-04-04 23:40:54.112 [ing.sirius.episaine.client.Main.main()] INFO  F e n e t r e - A c c u e i l - Lancement de la fenetre principale
2024-04-04 23:40:59.192 [AWT-EventQueue-0] INFO  L i g h t - M o d e - Activation mode nuit
2024-04-04 23:40:59.208 [AWT-EventQueue-0] INFO  L e f t - M e n u - Mode nuit = true
2024-04-04 23:40:59.208 [AWT-EventQueue-0] INFO  H e a d e r - Mode nuit = true
2024-04-04 23:40:59.208 [AWT-EventQueue-0] INFO  F o o t e r - Mode nuit = true
2024-04-04 23:40:59.208 [AWT-EventQueue-0] INFO  F i r s t - P a g e - Mode nuit = true
2024-04-04 23:41:09.710 [AWT-EventQueue-0] INFO  L i g h t - M o d e - Desactivation mode nuit
2024-04-04 23:41:09.730 [AWT-EventQueue-0] INFO  L e f t - M e n u - Mode nuit = false
2024-04-04 23:41:09.730 [AWT-EventQueue-0] INFO  H e a d e r - Mode nuit = false
2024-04-04 23:41:09.730 [AWT-EventQueue-0] INFO  F o o t e r - Mode nuit = false
2024-04-04 23:41:09.730 [AWT-EventQueue-0] INFO  F i r s t - P a g e - Mode nuit = false
2024-04-04 23:41:25.929 [ing.sirius.episaine.client.Main.main()] INFO  F e n e t r e - A c c u e i l - Lancement de la fenetre principale
2024-04-04 23:41:29.574 [AWT-EventQueue-0] INFO  L i g h t - M o d e - Activation mode nuit
2024-04-04 23:41:29.596 [AWT-EventQueue-0] INFO  L e f t - M e n u - Mode nuit = true
2024-04-04 23:41:29.598 [AWT-EventQueue-0] INFO  H e a d e r - Mode nuit = true
2024-04-04 23:41:29.598 [AWT-EventQueue-0] INFO  F o o t e r - Mode nuit = true
2024-04-04 23:41:29.598 [AWT-EventQueue-0] INFO  F i r s t - P a g e - Mode nuit = true
2024-04-04 23:41:33.724 [AWT-EventQueue-0] INFO  L i g h t - M o d e - Desactivation mode nuit
2024-04-04 23:41:33.737 [AWT-EventQueue-0] INFO  L e f t - M e n u - Mode nuit = false
2024-04-04 23:41:33.737 [AWT-EventQueue-0] INFO  H e a d e r - Mode nuit = false
2024-04-04 23:41:33.737 [AWT-EventQueue-0] INFO  F o o t e r - Mode nuit = false
2024-04-04 23:41:33.737 [AWT-EventQueue-0] INFO  F i r s t - P a g e - Mode nuit = false
2024-04-04 23:41:34.475 [AWT-EventQueue-0] INFO  L i g h t - M o d e - Activation mode nuit
2024-04-04 23:41:34.486 [AWT-EventQueue-0] INFO  L e f t - M e n u - Mode nuit = true
2024-04-04 23:41:34.490 [AWT-EventQueue-0] INFO  H e a d e r - Mode nuit = true
2024-04-04 23:41:34.490 [AWT-EventQueue-0] INFO  F o o t e r - Mode nuit = true
2024-04-04 23:41:34.490 [AWT-EventQueue-0] INFO  F i r s t - P a g e - Mode nuit = true
2024-04-04 23:41:36.918 [AWT-EventQueue-0] INFO  L i g h t - M o d e - Desactivation mode nuit
2024-04-04 23:41:36.931 [AWT-EventQueue-0] INFO  L e f t - M e n u - Mode nuit = false
2024-04-04 23:41:36.931 [AWT-EventQueue-0] INFO  H e a d e r - Mode nuit = false
2024-04-04 23:41:36.931 [AWT-EventQueue-0] INFO  F o o t e r - Mode nuit = false
2024-04-04 23:41:36.931 [AWT-EventQueue-0] INFO  F i r s t - P a g e - Mode nuit = false
2024-04-04 23:41:45.751 [AWT-EventQueue-0] INFO  L i g h t - M o d e - Activation mode nuit
2024-04-04 23:41:45.765 [AWT-EventQueue-0] INFO  L e f t - M e n u - Mode nuit = true
2024-04-04 23:41:45.765 [AWT-EventQueue-0] INFO  H e a d e r - Mode nuit = true
2024-04-04 23:41:45.767 [AWT-EventQueue-0] INFO  F o o t e r - Mode nuit = true
2024-04-04 23:41:45.767 [AWT-EventQueue-0] INFO  F i r s t - P a g e - Mode nuit = true
